<?xml version="1.0" encoding="UTF-8"?>
<!-- Generated by org.testng.reporters.JUnitReportReporter -->
<testsuite hostname="DESKTOP-LH0IPVN" failures="0" tests="1" name="com.project.SeleniumTutorialsByVARSHA.NavigationalCommands" time="25.895" errors="0" timestamp="2024-08-20T22:41:05 IST" skipped="0">
  <testcase classname="com.project.SeleniumTutorialsByVARSHA.NavigationalCommands" name="navigation" time="25.895"/>
  <system-out/>
</testsuite> <!-- com.project.SeleniumTutorialsByVARSHA.NavigationalCommands -->
