<?xml version="1.0" encoding="UTF-8"?>
<!-- Generated by org.testng.reporters.JUnitReportReporter -->
<testsuite hostname="DESKTOP-LH0IPVN" failures="0" tests="1" name="com.project.SampleSeleniumProject.Sample1" time="4.541" errors="0" timestamp="2024-04-01T11:12:28 IST" skipped="0">
  <testcase classname="com.project.SampleSeleniumProject.Sample1" name="Samp" time="4.541"/>
</testsuite> <!-- com.project.SampleSeleniumProject.Sample1 -->
