<?xml version="1.0" encoding="UTF-8"?>
<!-- Generated by org.testng.reporters.JUnitReportReporter -->
<testsuite hostname="DESKTOP-LH0IPVN" failures="0" tests="1" name="com.project.SeleniumTutorialsByVARSHA.Handle_Multiple_Windows_testcase2" time="28.755" errors="0" timestamp="2024-09-02T21:17:39 IST" skipped="0">
  <testcase classname="com.project.SeleniumTutorialsByVARSHA.Handle_Multiple_Windows_testcase2" name="testcase2" time="28.755"/>
  <system-out/>
</testsuite> <!-- com.project.SeleniumTutorialsByVARSHA.Handle_Multiple_Windows_testcase2 -->
