<?xml version="1.0" encoding="UTF-8"?>
<!-- Generated by org.testng.reporters.JUnitReportReporter -->
<testsuite hostname="DESKTOP-LH0IPVN" failures="0" tests="1" name="com.project.SampleSeleniumProject.using_findelements" time="4.618" errors="0" timestamp="2024-06-28T12:16:16 IST" skipped="0">
  <testcase classname="com.project.SampleSeleniumProject.using_findelements" name="elements" time="4.618"/>
</testsuite> <!-- com.project.SampleSeleniumProject.using_findelements -->
