<?xml version="1.0" encoding="UTF-8"?>
<!-- Generated by org.testng.reporters.JUnitReportReporter -->
<testsuite hostname="DESKTOP-LH0IPVN" failures="0" tests="1" name="com.project.SampleSeleniumProject.Context_Click" time="43.972" errors="0" timestamp="2024-06-21T11:19:56 IST" skipped="0">
  <testcase classname="com.project.SampleSeleniumProject.Context_Click" name="ContextClick" time="43.972"/>
</testsuite> <!-- com.project.SampleSeleniumProject.Context_Click -->
