<?xml version="1.0" encoding="UTF-8"?>
<!-- Generated by org.testng.reporters.JUnitReportReporter -->
<testsuite hostname="DESKTOP-LH0IPVN" failures="0" tests="1" name="com.project.SampleSeleniumProject.ContainsXpath" time="18.850" errors="0" timestamp="2024-05-06T21:29:46 IST" skipped="0">
  <testcase classname="com.project.SampleSeleniumProject.ContainsXpath" name="Contains" time="18.850"/>
</testsuite> <!-- com.project.SampleSeleniumProject.ContainsXpath -->
