<?xml version="1.0" encoding="UTF-8"?>
<!-- Generated by org.testng.reporters.JUnitReportReporter -->
<testsuite hostname="DESKTOP-LH0IPVN" failures="0" tests="1" name="com.project.SampleSeleniumProject.Actions_in_Selenium" time="15.647" errors="0" timestamp="2024-09-01T18:08:19 IST" skipped="0">
  <testcase classname="com.project.SampleSeleniumProject.Actions_in_Selenium" name="action" time="15.647"/>
  <system-out/>
</testsuite> <!-- com.project.SampleSeleniumProject.Actions_in_Selenium -->
