<?xml version="1.0" encoding="UTF-8"?>
<!-- Generated by org.testng.reporters.JUnitReportReporter -->
<testsuite hostname="DESKTOP-LH0IPVN" failures="0" tests="1" name="com.project.SeleniumTutorialsByVARSHA.OR_And_Operators" time="7.080" errors="0" timestamp="2024-08-17T23:03:09 IST" skipped="0">
  <testcase classname="com.project.SeleniumTutorialsByVARSHA.OR_And_Operators" name="oprators" time="7.080"/>
  <system-out/>
</testsuite> <!-- com.project.SeleniumTutorialsByVARSHA.OR_And_Operators -->
