<?xml version="1.0" encoding="UTF-8"?>
<!-- Generated by org.testng.reporters.JUnitReportReporter -->
<testsuite hostname="DESKTOP-LH0IPVN" failures="0" tests="1" name="com.project.SampleSeleniumProject.Iframes" time="14.808" errors="0" timestamp="2024-05-31T12:26:06 IST" skipped="0">
  <testcase classname="com.project.SampleSeleniumProject.Iframes" name="frames" time="14.808"/>
</testsuite> <!-- com.project.SampleSeleniumProject.Iframes -->
