<?xml version="1.0" encoding="UTF-8"?>
<!-- Generated by org.testng.reporters.JUnitReportReporter -->
<testsuite hostname="DESKTOP-LH0IPVN" failures="0" tests="1" name="com.project.SeleniumTutorialsByVARSHA.DropDownMethods" time="21.241" errors="0" timestamp="2024-09-02T22:41:01 IST" skipped="0">
  <testcase classname="com.project.SeleniumTutorialsByVARSHA.DropDownMethods" name="DropD" time="21.241"/>
  <system-out/>
</testsuite> <!-- com.project.SeleniumTutorialsByVARSHA.DropDownMethods -->
