<?xml version="1.0" encoding="UTF-8"?>
<!-- Generated by org.testng.reporters.JUnitReportReporter -->
<testsuite hostname="DESKTOP-LH0IPVN" failures="0" tests="1" name="com.project.SeleniumTutorialsByVARSHA.CaptureScreenShot" time="17.160" errors="0" timestamp="2024-09-02T21:12:43 IST" skipped="0">
  <testcase classname="com.project.SeleniumTutorialsByVARSHA.CaptureScreenShot" name="ScreenShot" time="17.160"/>
  <system-out/>
</testsuite> <!-- com.project.SeleniumTutorialsByVARSHA.CaptureScreenShot -->
