<?xml version="1.0" encoding="UTF-8"?>
<!-- Generated by org.testng.reporters.JUnitReportReporter -->
<testsuite hostname="DESKTOP-LH0IPVN" failures="0" tests="1" name="com.project.SampleSeleniumProject.Eecommerce" time="13.195" errors="0" timestamp="2024-04-21T16:32:30 IST" skipped="0">
  <testcase classname="com.project.SampleSeleniumProject.Eecommerce" name="Amazon" time="13.195"/>
</testsuite> <!-- com.project.SampleSeleniumProject.Eecommerce -->
