<?xml version="1.0" encoding="UTF-8"?>
<!-- Generated by org.testng.reporters.JUnitReportReporter -->
<testsuite hostname="DESKTOP-LH0IPVN" failures="0" tests="1" name="com.project.SampleSeleniumProject.alerts" time="8.370" errors="0" timestamp="2024-05-31T12:14:52 IST" skipped="0">
  <testcase classname="com.project.SampleSeleniumProject.alerts" name="alert" time="8.370"/>
</testsuite> <!-- com.project.SampleSeleniumProject.alerts -->
