<?xml version="1.0" encoding="UTF-8"?>
<!-- Generated by org.testng.reporters.JUnitReportReporter -->
<testsuite hostname="DESKTOP-LH0IPVN" failures="0" tests="1" name="com.project.SampleSeleniumProject.Eeecom" time="6.285" errors="0" timestamp="2024-04-25T22:03:45 IST" skipped="0">
  <testcase classname="com.project.SampleSeleniumProject.Eeecom" name="Eee" time="6.285"/>
</testsuite> <!-- com.project.SampleSeleniumProject.Eeecom -->
