<?xml version="1.0" encoding="UTF-8"?>
<!-- Generated by org.testng.reporters.JUnitReportReporter -->
<testsuite hostname="DESKTOP-LH0IPVN" failures="0" tests="1" name="com.project.SampleSeleniumProject.drag_and_drop_1" time="7.338" errors="0" timestamp="2024-06-06T20:00:35 IST" skipped="0">
  <testcase classname="com.project.SampleSeleniumProject.drag_and_drop_1" name="drag_drop_1" time="7.338"/>
</testsuite> <!-- com.project.SampleSeleniumProject.drag_and_drop_1 -->
