<?xml version="1.0" encoding="UTF-8"?>
<!-- Generated by org.testng.reporters.JUnitReportReporter -->
<testsuite hostname="DESKTOP-LH0IPVN" failures="0" tests="1" name="com.project.SeleniumTutorialsByVARSHA.MultiSelectDropdowns" time="5.463" errors="0" timestamp="2024-09-03T22:02:54 IST" skipped="0">
  <testcase classname="com.project.SeleniumTutorialsByVARSHA.MultiSelectDropdowns" name="MultiSelection" time="5.463"/>
  <system-out/>
</testsuite> <!-- com.project.SeleniumTutorialsByVARSHA.MultiSelectDropdowns -->
