<?xml version="1.0" encoding="UTF-8"?>
<!-- Generated by org.testng.reporters.JUnitReportReporter -->
<testsuite hostname="DESKTOP-LH0IPVN" failures="0" tests="1" name="com.project.SeleniumTutorialsByVARSHA.NavigationalCommands1" time="25.063" errors="0" timestamp="2024-08-20T22:57:50 IST" skipped="0">
  <testcase classname="com.project.SeleniumTutorialsByVARSHA.NavigationalCommands1" name="commands1" time="25.063"/>
  <system-out/>
</testsuite> <!-- com.project.SeleniumTutorialsByVARSHA.NavigationalCommands1 -->
