<?xml version="1.0" encoding="UTF-8"?>
<!-- Generated by org.testng.reporters.JUnitReportReporter -->
<testsuite hostname="DESKTOP-LH0IPVN" failures="0" tests="1" name="com.project.SampleSeleniumProject.DropdownTesting" time="8.638" errors="0" timestamp="2024-04-28T17:00:35 IST" skipped="0">
  <testcase classname="com.project.SampleSeleniumProject.DropdownTesting" name="dropdownW" time="8.638"/>
</testsuite> <!-- com.project.SampleSeleniumProject.DropdownTesting -->
