<?xml version="1.0" encoding="UTF-8"?>
<!-- Generated by org.testng.reporters.JUnitReportReporter -->
<testsuite hostname="DESKTOP-LH0IPVN" failures="0" tests="1" name="com.project.SeleniumTutorialsByVARSHA.Example" time="13.825" errors="0" timestamp="2024-09-02T20:05:45 IST" skipped="0">
  <testcase classname="com.project.SeleniumTutorialsByVARSHA.Example" name="Ex" time="13.825"/>
  <system-out/>
</testsuite> <!-- com.project.SeleniumTutorialsByVARSHA.Example -->
