<?xml version="1.0" encoding="UTF-8"?>
<!-- Generated by org.testng.reporters.JUnitReportReporter -->
<testsuite hostname="DESKTOP-LH0IPVN" failures="0" tests="1" name="com.project.SeleniumTutorialsByVARSHA.BrowserCommands" time="33.439" errors="0" timestamp="2024-08-20T22:13:48 IST" skipped="0">
  <testcase classname="com.project.SeleniumTutorialsByVARSHA.BrowserCommands" name="commands" time="33.439"/>
  <system-out/>
</testsuite> <!-- com.project.SeleniumTutorialsByVARSHA.BrowserCommands -->
