<?xml version="1.0" encoding="UTF-8"?>
<!-- Generated by org.testng.reporters.JUnitReportReporter -->
<testsuite hostname="DESKTOP-LH0IPVN" failures="0" tests="1" name="com.project.SampleSeleniumProject.Light_Box" time="66.014" errors="0" timestamp="2024-06-01T11:25:40 IST" skipped="0">
  <testcase classname="com.project.SampleSeleniumProject.Light_Box" name="Light" time="66.014"/>
</testsuite> <!-- com.project.SampleSeleniumProject.Light_Box -->
