<?xml version="1.0" encoding="UTF-8"?>
<!-- Generated by org.testng.reporters.JUnitReportReporter -->
<testsuite hostname="DESKTOP-LH0IPVN" failures="0" tests="1" name="com.project.SeleniumTutorialsByVARSHA.AutoSuggetions" time="12.105" errors="0" timestamp="2024-09-03T22:33:05 IST" skipped="0">
  <testcase classname="com.project.SeleniumTutorialsByVARSHA.AutoSuggetions" name="autoSug" time="12.105"/>
  <system-out/>
</testsuite> <!-- com.project.SeleniumTutorialsByVARSHA.AutoSuggetions -->
