<?xml version="1.0" encoding="UTF-8"?>
<!-- Generated by org.testng.reporters.JUnitReportReporter -->
<testsuite hostname="DESKTOP-LH0IPVN" failures="0" tests="1" name="com.project.SeleniumTutorialsByVARSHA.Handle_multiple_windows" time="20.018" errors="0" timestamp="2024-08-31T16:32:52 IST" skipped="0">
  <testcase classname="com.project.SeleniumTutorialsByVARSHA.Handle_multiple_windows" name="handle_windows" time="20.018"/>
  <system-out/>
</testsuite> <!-- com.project.SeleniumTutorialsByVARSHA.Handle_multiple_windows -->
