<?xml version="1.0" encoding="UTF-8"?>
<!-- Generated by org.testng.reporters.JUnitReportReporter -->
<testsuite hostname="DESKTOP-LH0IPVN" failures="0" tests="1" name="com.project.SeleniumTutorialsByVARSHA.Enb_Disb_Sele" time="8.117" errors="0" timestamp="2024-08-31T15:47:34 IST" skipped="0">
  <testcase classname="com.project.SeleniumTutorialsByVARSHA.Enb_Disb_Sele" name="EDS" time="8.117"/>
  <system-out/>
</testsuite> <!-- com.project.SeleniumTutorialsByVARSHA.Enb_Disb_Sele -->
