<?xml version="1.0" encoding="UTF-8"?>
<!-- Generated by org.testng.reporters.JUnitReportReporter -->
<testsuite hostname="DESKTOP-LH0IPVN" failures="0" tests="1" name="com.project.SampleSeleniumProject.AppTest" time="3.644" errors="0" timestamp="2024-03-30T22:37:32 IST" skipped="0">
  <testcase classname="com.project.SampleSeleniumProject.AppTest" name="TestCamel" time="3.644"/>
</testsuite> <!-- com.project.SampleSeleniumProject.AppTest -->
