<?xml version="1.0" encoding="UTF-8"?>
<!-- Generated by org.testng.reporters.JUnitReportReporter -->
<testsuite hostname="DESKTOP-LH0IPVN" failures="0" tests="1" name="com.project.SeleniumTutorialsByVARSHA.Web_Elements_Commands" time="6.888" errors="0" timestamp="2024-08-31T15:21:50 IST" skipped="0">
  <testcase classname="com.project.SeleniumTutorialsByVARSHA.Web_Elements_Commands" name="WebElemena" time="6.888"/>
  <system-out/>
</testsuite> <!-- com.project.SeleniumTutorialsByVARSHA.Web_Elements_Commands -->
