<?xml version="1.0" encoding="UTF-8"?>
<!-- Generated by org.testng.reporters.JUnitReportReporter -->
<testsuite hostname="DESKTOP-LH0IPVN" failures="0" tests="1" name="com.project.SampleSeleniumProject.Testing" time="10.406" errors="0" timestamp="2024-04-21T16:30:09 IST" skipped="0">
  <testcase classname="com.project.SampleSeleniumProject.Testing" name="test" time="10.406"/>
</testsuite> <!-- com.project.SampleSeleniumProject.Testing -->
