<?xml version="1.0" encoding="UTF-8"?>
<!-- Generated by org.testng.reporters.JUnitReportReporter -->
<testsuite hostname="DESKTOP-LH0IPVN" failures="0" tests="1" name="com.project.SampleSeleniumProject.Example" time="170.409" errors="0" timestamp="2024-06-01T11:12:51 IST" skipped="0">
  <testcase classname="com.project.SampleSeleniumProject.Example" name="Ex" time="170.409"/>
</testsuite> <!-- com.project.SampleSeleniumProject.Example -->
