<?xml version="1.0" encoding="UTF-8"?>
<!-- Generated by org.testng.reporters.JUnitReportReporter -->
<testsuite hostname="DESKTOP-LH0IPVN" failures="0" tests="1" name="com.project.SeleniumTutorialsByVARSHA.Xpath_Scenarios" time="14.499" errors="0" timestamp="2024-09-16T22:37:04 IST" skipped="0">
  <testcase classname="com.project.SeleniumTutorialsByVARSHA.Xpath_Scenarios" name="xpath" time="14.499"/>
  <system-out/>
</testsuite> <!-- com.project.SeleniumTutorialsByVARSHA.Xpath_Scenarios -->
