<?xml version="1.0" encoding="UTF-8"?>
<!-- Generated by org.testng.reporters.JUnitReportReporter -->
<testsuite hostname="DESKTOP-LH0IPVN" failures="0" tests="1" name="com.project.SeleniumTutorialsByVARSHA.TakingScreenShot" time="6.237" errors="0" timestamp="2024-09-02T20:59:44 IST" skipped="0">
  <testcase classname="com.project.SeleniumTutorialsByVARSHA.TakingScreenShot" name="screenshot" time="6.237"/>
  <system-out/>
</testsuite> <!-- com.project.SeleniumTutorialsByVARSHA.TakingScreenShot -->
