<?xml version="1.0" encoding="UTF-8"?>
<!-- Generated by org.testng.reporters.JUnitReportReporter -->
<testsuite hostname="DESKTOP-LH0IPVN" failures="0" tests="1" name="com.project.SampleSeleniumProject.Xpaths" time="9.273" errors="0" timestamp="2024-05-06T18:09:18 IST" skipped="0">
  <testcase classname="com.project.SampleSeleniumProject.Xpaths" name="xpath" time="9.273"/>
</testsuite> <!-- com.project.SampleSeleniumProject.Xpaths -->
