<?xml version="1.0" encoding="UTF-8"?>
<!-- Generated by org.testng.reporters.JUnitReportReporter -->
<testsuite hostname="DESKTOP-LH0IPVN" failures="0" tests="1" name="com.project.SampleSeleniumProject.doubleClick" time="5.240" errors="0" timestamp="2024-06-03T21:56:45 IST" skipped="0">
  <testcase classname="com.project.SampleSeleniumProject.doubleClick" name="double_click" time="5.240"/>
</testsuite> <!-- com.project.SampleSeleniumProject.doubleClick -->
