<?xml version="1.0" encoding="UTF-8"?>
<!-- Generated by org.testng.reporters.JUnitReportReporter -->
<testsuite hostname="DESKTOP-LH0IPVN" failures="0" tests="1" name="com.project.SeleniumTutorialsByVARSHA.CheckBoxes" time="14.118" errors="0" timestamp="2024-09-04T21:59:58 IST" skipped="0">
  <testcase classname="com.project.SeleniumTutorialsByVARSHA.CheckBoxes" name="checkBox" time="14.118"/>
  <system-out/>
</testsuite> <!-- com.project.SeleniumTutorialsByVARSHA.CheckBoxes -->
