<?xml version="1.0" encoding="UTF-8"?>
<!-- Generated by org.testng.reporters.JUnitReportReporter -->
<testsuite hostname="DESKTOP-LH0IPVN" failures="0" tests="1" name="com.project.SampleSeleniumProject.Drag_and_Drop" time="14.301" errors="0" timestamp="2024-08-25T13:27:22 IST" skipped="0">
  <testcase classname="com.project.SampleSeleniumProject.Drag_and_Drop" name="Drag_Drop" time="14.301"/>
  <system-out/>
</testsuite> <!-- com.project.SampleSeleniumProject.Drag_and_Drop -->
