<?xml version="1.0" encoding="UTF-8"?>
<!-- Generated by org.testng.reporters.JUnitReportReporter -->
<testsuite hostname="DESKTOP-LH0IPVN" failures="0" tests="1" name="com.project.SeleniumTutorialsByVARSHA.Xpath_Axes" time="9.103" errors="0" timestamp="2024-08-18T16:00:34 IST" skipped="0">
  <testcase classname="com.project.SeleniumTutorialsByVARSHA.Xpath_Axes" name="adv_xpath" time="9.103"/>
  <system-out/>
</testsuite> <!-- com.project.SeleniumTutorialsByVARSHA.Xpath_Axes -->
