<?xml version="1.0" encoding="UTF-8"?>
<!-- Generated by org.testng.reporters.JUnitReportReporter -->
<testsuite hostname="DESKTOP-LH0IPVN" failures="0" tests="1" name="com.project.SampleSeleniumProject.multiSelectionBox" time="4.846" errors="0" timestamp="2024-07-15T11:59:28 IST" skipped="0">
  <testcase classname="com.project.SampleSeleniumProject.multiSelectionBox" name="multi" time="4.846"/>
</testsuite> <!-- com.project.SampleSeleniumProject.multiSelectionBox -->
